Using pre-set license
Built from '2021.3/staging' branch; Version is '2021.3.10f1 (1c7d0df0160b) revision 1867021'; Using compiler version '192829333'; Build Type 'Release'
OS: 'Windows 11  (10.0.22621) 64bit Core' Language: 'en' Physical Memory: 32428 MB
BatchMode: 1, IsHumanControllingUs: 0, StartBugReporterOnCrash: 0, Is64bit: 1, IsPro: 1

COMMAND LINE ARGUMENTS:
C:\Program Files\Unity 2021.3.10f1\Editor\Unity.exe
-adb2
-batchMode
-noUpm
-name
AssetImportWorker1
-projectPath
C:/Users/gbran/UNITY PROJECTS/EY Asset System
-logFile
Logs/AssetImportWorker1.log
-srvPort
58135
Successfully changed project path to: C:/Users/gbran/UNITY PROJECTS/EY Asset System
C:/Users/gbran/UNITY PROJECTS/EY Asset System
[UnityMemory] Configuration Parameters - Can be set up in boot.config
    "memorysetup-bucket-allocator-granularity=16"
    "memorysetup-bucket-allocator-bucket-count=8"
    "memorysetup-bucket-allocator-block-size=33554432"
    "memorysetup-bucket-allocator-block-count=8"
    "memorysetup-main-allocator-block-size=16777216"
    "memorysetup-thread-allocator-block-size=16777216"
    "memorysetup-gfx-main-allocator-block-size=16777216"
    "memorysetup-gfx-thread-allocator-block-size=16777216"
    "memorysetup-cache-allocator-block-size=4194304"
    "memorysetup-typetree-allocator-block-size=2097152"
    "memorysetup-profiler-bucket-allocator-granularity=16"
    "memorysetup-profiler-bucket-allocator-bucket-count=8"
    "memorysetup-profiler-bucket-allocator-block-size=33554432"
    "memorysetup-profiler-bucket-allocator-block-count=8"
    "memorysetup-profiler-allocator-block-size=16777216"
    "memorysetup-profiler-editor-allocator-block-size=1048576"
    "memorysetup-temp-allocator-size-main=16777216"
    "memorysetup-job-temp-allocator-block-size=2097152"
    "memorysetup-job-temp-allocator-block-size-background=1048576"
    "memorysetup-job-temp-allocator-reduction-small-platforms=262144"
    "memorysetup-temp-allocator-size-background-worker=32768"
    "memorysetup-temp-allocator-size-job-worker=262144"
    "memorysetup-temp-allocator-size-preload-manager=33554432"
    "memorysetup-temp-allocator-size-nav-mesh-worker=65536"
    "memorysetup-temp-allocator-size-audio-worker=65536"
    "memorysetup-temp-allocator-size-cloud-worker=32768"
    "memorysetup-temp-allocator-size-gi-baking-worker=262144"
    "memorysetup-temp-allocator-size-gfx=262144"
Refreshing native plugins compatible for Editor in 131.36 ms, found 3 plugins.
Preloading 0 native plugins for Editor in 0.00 ms.
Initialize engine version: 2021.3.10f1 (1c7d0df0160b)
[Subsystems] Discovering subsystems at path C:/Program Files/Unity 2021.3.10f1/Editor/Data/Resources/UnitySubsystems
[Subsystems] Discovering subsystems at path C:/Users/gbran/UNITY PROJECTS/EY Asset System/Assets
GfxDevice: creating device client; threaded=0; jobified=0
d3d12: loaded!
Direct3D:
    Version:         Direct3D 12 [level 12.1]
    Renderer:        NVIDIA GeForce RTX 3070 Ti Laptop GPU (ID=0x24a0)
    Vendor:          NVIDIA
    VRAM:            8018 MB
    App VRAM Budget: 7250 MB
    Driver:          32.0.15.6081
d3d12: Profiler is enabled, but stable power state is not. GPU timing errors are expected.
Initialize mono
Mono path[0] = 'C:/Program Files/Unity 2021.3.10f1/Editor/Data/Managed'
Mono path[1] = 'C:/Program Files/Unity 2021.3.10f1/Editor/Data/MonoBleedingEdge/lib/mono/unityjit-win32'
Mono config path = 'C:/Program Files/Unity 2021.3.10f1/Editor/Data/MonoBleedingEdge/etc'
Using monoOptions --debugger-agent=transport=dt_socket,embedding=1,server=y,suspend=n,address=127.0.0.1:56336
Begin MonoManager ReloadAssembly
Registering precompiled unity dll's ...
Register platform support module: C:/Program Files/Unity 2021.3.10f1/Editor/Data/PlaybackEngines/WindowsStandaloneSupport/UnityEditor.WindowsStandalone.Extensions.dll
Registered in 0.003795 seconds.
Native extension for WindowsStandalone target not found
Refreshing native plugins compatible for Editor in 129.76 ms, found 3 plugins.
Preloading 0 native plugins for Editor in 0.00 ms.
Mono: successfully reloaded assembly
- Completed reload, in  0.656 seconds
Domain Reload Profiling:
	ReloadAssembly (657ms)
		BeginReloadAssembly (71ms)
			ExecutionOrderSort (0ms)
			DisableScriptedObjects (0ms)
			BackupInstance (0ms)
			ReleaseScriptingObjects (0ms)
			CreateAndSetChildDomain (1ms)
		EndReloadAssembly (488ms)
			LoadAssemblies (68ms)
			RebuildTransferFunctionScriptingTraits (0ms)
			SetupTypeCache (96ms)
			ReleaseScriptCaches (0ms)
			RebuildScriptCaches (28ms)
			SetupLoadedEditorAssemblies (307ms)
				LogAssemblyErrors (0ms)
				InitializePlatformSupportModulesInManaged (6ms)
				SetLoadedEditorAssemblies (0ms)
				RefreshPlugins (130ms)
				BeforeProcessingInitializeOnLoad (1ms)
				ProcessInitializeOnLoadAttributes (127ms)
				ProcessInitializeOnLoadMethodAttributes (43ms)
				AfterProcessingInitializeOnLoad (0ms)
				EditorAssembliesLoaded (0ms)
			ExecutionOrderSort2 (0ms)
			AwakeInstancesAfterBackupRestoration (0ms)
Platform modules already initialized, skipping
Registering precompiled user dll's ...
Registered in 0.010400 seconds.
Begin MonoManager ReloadAssembly
Native extension for WindowsStandalone target not found
Refreshing native plugins compatible for Editor in 129.27 ms, found 3 plugins.
Preloading 0 native plugins for Editor in 0.00 ms.
DisplayProgressbar: Restoring NuGet Packages
Mono: successfully reloaded assembly
- Completed reload, in  1.882 seconds
Domain Reload Profiling:
	ReloadAssembly (1883ms)
		BeginReloadAssembly (91ms)
			ExecutionOrderSort (0ms)
			DisableScriptedObjects (4ms)
			BackupInstance (0ms)
			ReleaseScriptingObjects (0ms)
			CreateAndSetChildDomain (16ms)
		EndReloadAssembly (1692ms)
			LoadAssemblies (102ms)
			RebuildTransferFunctionScriptingTraits (0ms)
			SetupTypeCache (518ms)
			ReleaseScriptCaches (1ms)
			RebuildScriptCaches (76ms)
			SetupLoadedEditorAssemblies (940ms)
				LogAssemblyErrors (0ms)
				InitializePlatformSupportModulesInManaged (4ms)
				SetLoadedEditorAssemblies (0ms)
				RefreshPlugins (129ms)
				BeforeProcessingInitializeOnLoad (108ms)
				ProcessInitializeOnLoadAttributes (465ms)
				ProcessInitializeOnLoadMethodAttributes (228ms)
				AfterProcessingInitializeOnLoad (6ms)
				EditorAssembliesLoaded (0ms)
			ExecutionOrderSort2 (0ms)
			AwakeInstancesAfterBackupRestoration (5ms)
Platform modules already initialized, skipping
========================================================================
Worker process is ready to serve import requests
Launched and connected shader compiler UnityShaderCompiler.exe after 0.05 seconds
Refreshing native plugins compatible for Editor in 0.86 ms, found 3 plugins.
Preloading 0 native plugins for Editor in 0.00 ms.
Unloading 7293 Unused Serialized files (Serialized files now loaded: 0)
Unloading 48 unused Assets / (1.6 MB). Loaded Objects now: 7770.
Memory consumption went from 336.9 MB to 335.3 MB.
Total: 4.958000 ms (FindLiveObjects: 0.463500 ms CreateObjectMapping: 0.259800 ms MarkObjects: 3.899300 ms  DeleteObjects: 0.334700 ms)

AssetImportParameters requested are different than current active one (requested -> active):
  custom:video-decoder-ogg-theora: a1e56fd34408186e4bbccfd4996cb3dc -> 
  custom:container-muxer-webm: aa71ff27fc2769a1b78a27578f13a17b -> 
  custom:container-demuxer-webm: 4f35f7cbe854078d1ac9338744f61a02 -> 
  custom:video-encoder-webm-vp8: eb34c28f22e8b96e1ab97ce403110664 -> 
  custom:video-codec-MediaFoundation-h265: 746d11721c4dcdbdad8f713fa42b33f4 -> 
  custom:audio-encoder-webm-vorbis: bf7c407c2cedff20999df2af8eb42d56 -> 
  custom:framework-win-MediaFoundation: 216162199b28c13a410421893ffa2e32 -> 
  custom:container-demuxer-ogg: 62fdf1f143b41e24485cea50d1cbac27 -> 
  custom:video-decoder-webm-vp8: 9c59270c3fd7afecdb556c50c9e8de78 -> 
  custom:audio-decoder-ogg-vorbis: bf7c407c2cedff20999df2af8eb42d56 -> 
========================================================================
Received Import Request.
  Time since last request: 23368.404638 seconds.
  path: Assets/EY System Files/EY SYSTEM.prefab
  artifactKey: Guid(e72878cbaac90774eb77f90aa75a110f) Importer(815301076,1909f56bfc062723c751e8b465ee728b)
Start importing Assets/EY System Files/EY SYSTEM.prefab using Guid(e72878cbaac90774eb77f90aa75a110f) Importer(815301076,1909f56bfc062723c751e8b465ee728b)  -> (artifact id: 'c9f522b7807a308079b7085cc08bf8b9') in 0.055136 seconds 
========================================================================
Received Import Request.
  Time since last request: 0.000023 seconds.
  path: Assets/EY System Files/Object Rotator.prefab
  artifactKey: Guid(dca64a25dd7063b43b2223c48972cb06) Importer(815301076,1909f56bfc062723c751e8b465ee728b)
Start importing Assets/EY System Files/Object Rotator.prefab using Guid(dca64a25dd7063b43b2223c48972cb06) Importer(815301076,1909f56bfc062723c751e8b465ee728b)  -> (artifact id: '22ddbd1960e12c95593fb936f780dd79') in 0.012261 seconds 
========================================================================
Received Import Request.
  Time since last request: 0.000024 seconds.
  path: Assets/EY System Files/Gradiant.png
  artifactKey: Guid(0d4c57bb5fe694643abbba20e7561677) Importer(815301076,1909f56bfc062723c751e8b465ee728b)
Start importing Assets/EY System Files/Gradiant.png using Guid(0d4c57bb5fe694643abbba20e7561677) Importer(815301076,1909f56bfc062723c751e8b465ee728b)  -> (artifact id: '4af9fb1f6ec557969b2a659126abd724') in 0.130307 seconds 
========================================================================
Received Import Request.
  Time since last request: 59.796844 seconds.
  path: Assets/EY TEST/Backgrounds/Abstract2.png
  artifactKey: Guid(fe50cdb1d5e86344eaabd68bfec83c91) Importer(815301076,1909f56bfc062723c751e8b465ee728b)
Start importing Assets/EY TEST/Backgrounds/Abstract2.png using Guid(fe50cdb1d5e86344eaabd68bfec83c91) Importer(815301076,1909f56bfc062723c751e8b465ee728b)  -> (artifact id: '2b2d845f6d686b5ac9355b09e4f15da7') in 0.090607 seconds 
========================================================================
Received Import Request.
  Time since last request: 0.000032 seconds.
  path: Assets/EY TEST/Backgrounds/preview_gradient 1.png
  artifactKey: Guid(93ecf934bd1219e45838bdbd05ba2f8c) Importer(815301076,1909f56bfc062723c751e8b465ee728b)
Start importing Assets/EY TEST/Backgrounds/preview_gradient 1.png using Guid(93ecf934bd1219e45838bdbd05ba2f8c) Importer(815301076,1909f56bfc062723c751e8b465ee728b)  -> (artifact id: '7a2eb3cef010d340cef474ec025f74c0') in 0.032183 seconds 
========================================================================
Received Import Request.
  Time since last request: 0.000030 seconds.
  path: Assets/EY TEST/Backgrounds/SSBM1.jpg
  artifactKey: Guid(d76a939672aa441498efa73451d9c523) Importer(815301076,1909f56bfc062723c751e8b465ee728b)
Start importing Assets/EY TEST/Backgrounds/SSBM1.jpg using Guid(d76a939672aa441498efa73451d9c523) Importer(815301076,1909f56bfc062723c751e8b465ee728b)  -> (artifact id: '632641801e54eb8022567ed02702bf68') in 0.129276 seconds 
========================================================================
Received Import Request.
  Time since last request: 0.000031 seconds.
  path: Assets/EY TEST/GoogleLoader.prefab
  artifactKey: Guid(7755d14e612b53249b290c3d2ef77c77) Importer(815301076,1909f56bfc062723c751e8b465ee728b)
Start importing Assets/EY TEST/GoogleLoader.prefab using Guid(7755d14e612b53249b290c3d2ef77c77) Importer(815301076,1909f56bfc062723c751e8b465ee728b)  -> (artifact id: 'c92322352eb3955e880caf9e362245d7') in 0.011611 seconds 
========================================================================
Received Import Request.
  Time since last request: 0.000031 seconds.
  path: Assets/EY TEST/TOGGLE.psd
  artifactKey: Guid(bad9ddc6d11a020418408ce5c224afa1) Importer(815301076,1909f56bfc062723c751e8b465ee728b)
Start importing Assets/EY TEST/TOGGLE.psd using Guid(bad9ddc6d11a020418408ce5c224afa1) Importer(815301076,1909f56bfc062723c751e8b465ee728b)  -> (artifact id: '44fc32c812459943041b1bae36ee783a') in 0.034061 seconds 
========================================================================
Received Import Request.
  Time since last request: 0.000024 seconds.
  path: Assets/EY TEST/MenuManager.prefab
  artifactKey: Guid(5b6205bf7e2311d43895e6eb333fa3f4) Importer(815301076,1909f56bfc062723c751e8b465ee728b)
Start importing Assets/EY TEST/MenuManager.prefab using Guid(5b6205bf7e2311d43895e6eb333fa3f4) Importer(815301076,1909f56bfc062723c751e8b465ee728b)  -> (artifact id: '19a99354e9fcf0b28665b7dafff1cf09') in 0.014283 seconds 
========================================================================
Received Import Request.
  Time since last request: 0.000028 seconds.
  path: Assets/EY TEST/ObjectButton.prefab
  artifactKey: Guid(cb978a5a6b713d643afa64cb41af8efd) Importer(815301076,1909f56bfc062723c751e8b465ee728b)
Start importing Assets/EY TEST/ObjectButton.prefab using Guid(cb978a5a6b713d643afa64cb41af8efd) Importer(815301076,1909f56bfc062723c751e8b465ee728b)  -> (artifact id: '74592075ab66897cf82056637a6daf08') in 0.044288 seconds 
========================================================================
Received Import Request.
  Time since last request: 0.000029 seconds.
  path: Assets/EY TEST/DROPDOWN.psd
  artifactKey: Guid(fec61acb33f890b4ab4b102ff3fc5899) Importer(815301076,1909f56bfc062723c751e8b465ee728b)
Start importing Assets/EY TEST/DROPDOWN.psd using Guid(fec61acb33f890b4ab4b102ff3fc5899) Importer(815301076,1909f56bfc062723c751e8b465ee728b)  -> (artifact id: '07ab2d073e7331f48c3409fa3502f248') in 0.018472 seconds 
========================================================================
Received Import Request.
  Time since last request: 0.000029 seconds.
  path: Assets/EY TEST/ARROW.psd
  artifactKey: Guid(f82583b1ab0dd6a4e8c14af974c0fd54) Importer(815301076,1909f56bfc062723c751e8b465ee728b)
Start importing Assets/EY TEST/ARROW.psd using Guid(f82583b1ab0dd6a4e8c14af974c0fd54) Importer(815301076,1909f56bfc062723c751e8b465ee728b)  -> (artifact id: '9f6f8227bd0cb97d29a936b30725e5d6') in 0.031491 seconds 
========================================================================
Received Import Request.
  Time since last request: 0.000022 seconds.
  path: Assets/EY TEST/BUTTON.psd
  artifactKey: Guid(6047034c0e53c264795aee3f8c3eca21) Importer(815301076,1909f56bfc062723c751e8b465ee728b)
Start importing Assets/EY TEST/BUTTON.psd using Guid(6047034c0e53c264795aee3f8c3eca21) Importer(815301076,1909f56bfc062723c751e8b465ee728b)  -> (artifact id: 'e650a3a61a20eb7c73c11b7947a70c21') in 0.034577 seconds 
========================================================================
Received Import Request.
  Time since last request: 0.000025 seconds.
  path: Assets/EY TEST/Backgrounds/Abstract3.png
  artifactKey: Guid(ed76de3e16f9b8b45b820d0fc54bcde0) Importer(815301076,1909f56bfc062723c751e8b465ee728b)
Start importing Assets/EY TEST/Backgrounds/Abstract3.png using Guid(ed76de3e16f9b8b45b820d0fc54bcde0) Importer(815301076,1909f56bfc062723c751e8b465ee728b)  -> (artifact id: '693a96e8714fb336701164a51b0c0728') in 0.046886 seconds 
========================================================================
Received Import Request.
  Time since last request: 0.000030 seconds.
  path: Assets/EY TEST/Backgrounds/angryimg.png
  artifactKey: Guid(bac27760f45a4ae488f11c16cee1e3dd) Importer(815301076,1909f56bfc062723c751e8b465ee728b)
Start importing Assets/EY TEST/Backgrounds/angryimg.png using Guid(bac27760f45a4ae488f11c16cee1e3dd) Importer(815301076,1909f56bfc062723c751e8b465ee728b)  -> (artifact id: 'c93058846fbed693d92daa22813fc8d2') in 0.026344 seconds 
========================================================================
Received Import Request.
  Time since last request: 0.000025 seconds.
  path: Assets/EY TEST/CHECKMARK.psd
  artifactKey: Guid(e1a02e93cff7cee4b95a68feaf7a0c55) Importer(815301076,1909f56bfc062723c751e8b465ee728b)
Start importing Assets/EY TEST/CHECKMARK.psd using Guid(e1a02e93cff7cee4b95a68feaf7a0c55) Importer(815301076,1909f56bfc062723c751e8b465ee728b)  -> (artifact id: '4d2b16cb7ad3bddc12e17e6a674679d8') in 0.028558 seconds 
========================================================================
Received Import Request.
  Time since last request: 0.429284 seconds.
  path: Assets/AddressableAssetsData/DefaultObject.asset
  artifactKey: Guid(86da5430fba687c489176ae5879e05cc) Importer(815301076,1909f56bfc062723c751e8b465ee728b)
Start importing Assets/AddressableAssetsData/DefaultObject.asset using Guid(86da5430fba687c489176ae5879e05cc) Importer(815301076,1909f56bfc062723c751e8b465ee728b)  -> (artifact id: '75e42585bd132259d6f6196dacc2a1e2') in 0.010450 seconds 
========================================================================
Received Import Request.
  Time since last request: 0.000024 seconds.
  path: Assets/AddressableAssetsData/ProfileDataSourceSettings.asset
  artifactKey: Guid(384f546bb2b7ba440899f5d695d58061) Importer(815301076,1909f56bfc062723c751e8b465ee728b)
Start importing Assets/AddressableAssetsData/ProfileDataSourceSettings.asset using Guid(384f546bb2b7ba440899f5d695d58061) Importer(815301076,1909f56bfc062723c751e8b465ee728b)  -> (artifact id: '94ac94bfd5874ed993f87492f25a44f6') in 0.010178 seconds 
========================================================================
Received Import Request.
  Time since last request: 7.494465 seconds.
  path: Assets/Settings/HDRP High Fidelity.asset
  artifactKey: Guid(36dd385e759c96147b6463dcd1149c11) Importer(815301076,1909f56bfc062723c751e8b465ee728b)
Start importing Assets/Settings/HDRP High Fidelity.asset using Guid(36dd385e759c96147b6463dcd1149c11) Importer(815301076,1909f56bfc062723c751e8b465ee728b)  -> (artifact id: '460342de06ff918bd814bc6666acce9e') in 0.009831 seconds 
========================================================================
Received Import Request.
  Time since last request: 0.000023 seconds.
  path: Assets/Settings/HDRP Performant.asset
  artifactKey: Guid(168a2336534e4e043b2a210b6f8d379a) Importer(815301076,1909f56bfc062723c751e8b465ee728b)
Start importing Assets/Settings/HDRP Performant.asset using Guid(168a2336534e4e043b2a210b6f8d379a) Importer(815301076,1909f56bfc062723c751e8b465ee728b)  -> (artifact id: '4335b6de146e8de3f8b7b5d6d77b88eb') in 0.006259 seconds 
========================================================================
Received Import Request.
  Time since last request: 5.998751 seconds.
  path: Packages/com.unity.render-pipelines.core/Runtime/Debugging/Prefabs/Widgets/DebugUIButton.prefab
  artifactKey: Guid(f6ce33b91f6ffe54cadacbf4bb112440) Importer(815301076,1909f56bfc062723c751e8b465ee728b)
Start importing Packages/com.unity.render-pipelines.core/Runtime/Debugging/Prefabs/Widgets/DebugUIButton.prefab using Guid(f6ce33b91f6ffe54cadacbf4bb112440) Importer(815301076,1909f56bfc062723c751e8b465ee728b)  -> (artifact id: '04149b1a3930df4088f239e48177ee18') in 0.016621 seconds 
========================================================================
Received Import Request.
  Time since last request: 0.000021 seconds.
  path: Packages/com.unity.render-pipelines.core/Runtime/Debugging/Prefabs/Widgets/DebugUIColor.prefab
  artifactKey: Guid(77c185820dd1a464eac89cae3abccddf) Importer(815301076,1909f56bfc062723c751e8b465ee728b)
Start importing Packages/com.unity.render-pipelines.core/Runtime/Debugging/Prefabs/Widgets/DebugUIColor.prefab using Guid(77c185820dd1a464eac89cae3abccddf) Importer(815301076,1909f56bfc062723c751e8b465ee728b)  -> (artifact id: 'c1e6d7cbec9f686542c1e6f52b817de5') in 0.012297 seconds 
========================================================================
Received Import Request.
  Time since last request: 0.000022 seconds.
  path: Packages/com.unity.render-pipelines.core/Runtime/Debugging/Prefabs/Widgets/DebugUIEnumHistory.prefab
  artifactKey: Guid(b2da6b27df236b144b3516ed8e7d36ac) Importer(815301076,1909f56bfc062723c751e8b465ee728b)
Start importing Packages/com.unity.render-pipelines.core/Runtime/Debugging/Prefabs/Widgets/DebugUIEnumHistory.prefab using Guid(b2da6b27df236b144b3516ed8e7d36ac) Importer(815301076,1909f56bfc062723c751e8b465ee728b)  -> (artifact id: '33e07839562daa7b9b0363764af0db71') in 0.013423 seconds 
========================================================================
Received Import Request.
  Time since last request: 0.000027 seconds.
  path: Packages/com.unity.render-pipelines.core/Runtime/Debugging/Prefabs/Widgets/DebugUIGroup.prefab
  artifactKey: Guid(38a07789c9e87004dad98c2909f58369) Importer(815301076,1909f56bfc062723c751e8b465ee728b)
Start importing Packages/com.unity.render-pipelines.core/Runtime/Debugging/Prefabs/Widgets/DebugUIGroup.prefab using Guid(38a07789c9e87004dad98c2909f58369) Importer(815301076,1909f56bfc062723c751e8b465ee728b)  -> (artifact id: '8f7d975e7d960e64c75c8b5e7df60c91') in 0.013742 seconds 
========================================================================
Received Import Request.
  Time since last request: 0.000024 seconds.
  path: Packages/com.unity.render-pipelines.core/Runtime/Debugging/Prefabs/Resources/DebugUIPersistentCanvas.prefab
  artifactKey: Guid(f6b1a0fe75d5009449cf55ae76220e2b) Importer(815301076,1909f56bfc062723c751e8b465ee728b)
Start importing Packages/com.unity.render-pipelines.core/Runtime/Debugging/Prefabs/Resources/DebugUIPersistentCanvas.prefab using Guid(f6b1a0fe75d5009449cf55ae76220e2b) Importer(815301076,1909f56bfc062723c751e8b465ee728b)  -> (artifact id: 'bb2b7730a0b8d1fbca5700a9b8631423') in 0.012326 seconds 
========================================================================
Received Import Request.
  Time since last request: 0.000025 seconds.
  path: Packages/com.unity.render-pipelines.core/Runtime/Debugging/Prefabs/Widgets/DebugUIRow.prefab
  artifactKey: Guid(2d019437ff89b8d44949727731cd9357) Importer(815301076,1909f56bfc062723c751e8b465ee728b)
Start importing Packages/com.unity.render-pipelines.core/Runtime/Debugging/Prefabs/Widgets/DebugUIRow.prefab using Guid(2d019437ff89b8d44949727731cd9357) Importer(815301076,1909f56bfc062723c751e8b465ee728b)  -> (artifact id: 'eba5376c63ef6b2a27c209fe6afe1807') in 0.012821 seconds 
========================================================================
Received Import Request.
  Time since last request: 0.000026 seconds.
  path: Packages/com.unity.render-pipelines.core/Runtime/Debugging/Prefabs/Widgets/DebugUIPanel.prefab
  artifactKey: Guid(daa46a58178a6ad41ae1ddc2dc7f856d) Importer(815301076,1909f56bfc062723c751e8b465ee728b)
Start importing Packages/com.unity.render-pipelines.core/Runtime/Debugging/Prefabs/Widgets/DebugUIPanel.prefab using Guid(daa46a58178a6ad41ae1ddc2dc7f856d) Importer(815301076,1909f56bfc062723c751e8b465ee728b)  -> (artifact id: '05608406b5c726fa1318685dd1d0f2bd') in 0.012776 seconds 
========================================================================
Received Import Request.
  Time since last request: 0.000026 seconds.
  path: Packages/com.unity.render-pipelines.core/Runtime/Debugging/Prefabs/Widgets/DebugUIVector3.prefab
  artifactKey: Guid(94afea5f242d72547979595ba963f335) Importer(815301076,1909f56bfc062723c751e8b465ee728b)
Start importing Packages/com.unity.render-pipelines.core/Runtime/Debugging/Prefabs/Widgets/DebugUIVector3.prefab using Guid(94afea5f242d72547979595ba963f335) Importer(815301076,1909f56bfc062723c751e8b465ee728b)  -> (artifact id: 'aee1a79c9f3536353d205b6c0d0fb1db') in 0.013382 seconds 
========================================================================
Received Import Request.
  Time since last request: 0.000019 seconds.
  path: Packages/com.unity.render-pipelines.core/Runtime/Debugging/Prefabs/Widgets/DebugUIValue.prefab
  artifactKey: Guid(dc0f88987826e6e48b1fe9c7c2b53a53) Importer(815301076,1909f56bfc062723c751e8b465ee728b)
Start importing Packages/com.unity.render-pipelines.core/Runtime/Debugging/Prefabs/Widgets/DebugUIValue.prefab using Guid(dc0f88987826e6e48b1fe9c7c2b53a53) Importer(815301076,1909f56bfc062723c751e8b465ee728b)  -> (artifact id: '0fd2d6d46ea50dbad6c82e2268423cb0') in 0.010821 seconds 
========================================================================
Received Import Request.
  Time since last request: 0.000024 seconds.
  path: Packages/com.unity.render-pipelines.core/Runtime/Debugging/Prefabs/Widgets/DebugUIVector2.prefab
  artifactKey: Guid(326f7c58aed965d41bf7805a782d1e44) Importer(815301076,1909f56bfc062723c751e8b465ee728b)
Start importing Packages/com.unity.render-pipelines.core/Runtime/Debugging/Prefabs/Widgets/DebugUIVector2.prefab using Guid(326f7c58aed965d41bf7805a782d1e44) Importer(815301076,1909f56bfc062723c751e8b465ee728b)  -> (artifact id: 'e32212bcd46d16b66372140722c29f59') in 0.012469 seconds 
========================================================================
Received Import Request.
  Time since last request: 0.000038 seconds.
  path: Packages/com.unity.render-pipelines.core/Runtime/Debugging/Prefabs/Resources/DebugUICanvas.prefab
  artifactKey: Guid(cf6cbdd672089a84796e55a21fed1cbe) Importer(815301076,1909f56bfc062723c751e8b465ee728b)
Start importing Packages/com.unity.render-pipelines.core/Runtime/Debugging/Prefabs/Resources/DebugUICanvas.prefab using Guid(cf6cbdd672089a84796e55a21fed1cbe) Importer(815301076,1909f56bfc062723c751e8b465ee728b)  -> (artifact id: '64337d148eaf0c4e485acd747eb3b139') in 0.030979 seconds 
